[debug] [2026-04-13T02:13:42.156Z] ----------------------------------------------------------------------
[debug] [2026-04-13T02:13:42.160Z] Command:       C:\Program Files\nodejs\node.exe C:\Program Files\nodejs\node_modules\firebase-tools\lib\bin\firebase.js init
[debug] [2026-04-13T02:13:42.160Z] CLI Version:   15.14.0
[debug] [2026-04-13T02:13:42.160Z] Platform:      win32
[debug] [2026-04-13T02:13:42.160Z] Node Version:  v20.19.5
[debug] [2026-04-13T02:13:42.161Z] Time:          Mon Apr 13 2026 09:13:42 GMT+0700 (Indochina Time)
[debug] [2026-04-13T02:13:42.161Z] ----------------------------------------------------------------------
[debug] 
[info] 
     ######## #### ########  ######## ########     ###     ######  ########
     ##        ##  ##     ## ##       ##     ##  ##   ##  ##       ##
     ######    ##  ########  ######   ########  #########  ######  ######
     ##        ##  ##    ##  ##       ##     ## ##     ##       ## ##
     ##       #### ##     ## ######## ########  ##     ##  ######  ########

You're about to initialize a Firebase project in this directory:

  D:\2025\manager-saas-app\frontend

[debug] [2026-04-13T02:14:58.567Z] ExitPromptError: User force closed the prompt with SIGINT
    at Interface.sigint (C:\Users\ledat\AppData\Roaming\nvm\v20.19.5\node_modules\firebase-tools\node_modules\@inquirer\core\dist\commonjs\lib\create-prompt.js:101:37)
    at Interface.emit (node:events:524:28)
    at [_ttyWrite] [as _ttyWrite] (node:internal/readline/interface:1128:18)
    at ReadStream.onkeypress (node:internal/readline/interface:267:20)
    at ReadStream.emit (node:events:536:35)
    at emitKeys (node:internal/readline/utils:371:14)
    at emitKeys.next (<anonymous>)
    at ReadStream.onData (node:internal/readline/emitKeypressEvents:64:36)
    at ReadStream.emit (node:events:524:28)
    at addChunk (node:internal/streams/readable:561:12)
[error] 
[error] Error: An unexpected error has occurred.
